2018-06-07 16:07:00,096 - Log4JLogChute initialized using file 'velocity.log'
2018-06-07 16:07:00,097 - Initializing Velocity, Calling init()...
2018-06-07 16:07:00,097 - Starting Apache Velocity v1.7 (compiled: 2010-11-19 12:14:37)
2018-06-07 16:07:00,097 - Default Properties File: org\apache\velocity\runtime\defaults\velocity.properties
2018-06-07 16:07:00,097 - Trying to use logger class org.apache.velocity.runtime.log.AvalonLogChute
2018-06-07 16:07:00,097 - Target log system for org.apache.velocity.runtime.log.AvalonLogChute is not available (java.lang.NoClassDefFoundError: org/apache/log/format/Formatter).  Falling back to next log system...
2018-06-07 16:07:00,097 - Trying to use logger class org.apache.velocity.runtime.log.Log4JLogChute
2018-06-07 16:07:00,100 - Using logger class org.apache.velocity.runtime.log.Log4JLogChute
2018-06-07 16:07:00,103 - ResourceLoader instantiated: org.apache.velocity.runtime.resource.loader.ClasspathResourceLoader
2018-06-07 16:07:00,111 - ResourceCache: initialized (class org.apache.velocity.runtime.resource.ResourceCacheImpl) with class java.util.Collections$SynchronizedMap cache map.
2018-06-07 16:07:00,112 - Loaded System Directive: org.apache.velocity.runtime.directive.Stop
2018-06-07 16:07:00,113 - Loaded System Directive: org.apache.velocity.runtime.directive.Define
2018-06-07 16:07:00,113 - Loaded System Directive: org.apache.velocity.runtime.directive.Break
2018-06-07 16:07:00,114 - Loaded System Directive: org.apache.velocity.runtime.directive.Evaluate
2018-06-07 16:07:00,114 - Loaded System Directive: org.apache.velocity.runtime.directive.Literal
2018-06-07 16:07:00,115 - Loaded System Directive: org.apache.velocity.runtime.directive.Macro
2018-06-07 16:07:00,116 - Loaded System Directive: org.apache.velocity.runtime.directive.Parse
2018-06-07 16:07:00,117 - Loaded System Directive: org.apache.velocity.runtime.directive.Include
2018-06-07 16:07:00,119 - Loaded System Directive: org.apache.velocity.runtime.directive.Foreach
2018-06-07 16:07:00,141 - Created '20' parsers.
2018-06-07 16:07:00,144 - Velocimacro : "velocimacro.library" is not set.  Trying default library: VM_global_library.vm
2018-06-07 16:07:00,145 - Could not load resource 'VM_global_library.vm' from ResourceLoader org.apache.velocity.runtime.resource.loader.ClasspathResourceLoader: ClasspathResourceLoader Error: cannot find resource VM_global_library.vm
2018-06-07 16:07:00,145 - Velocimacro : Default library not found.
2018-06-07 16:07:00,145 - Velocimacro : allowInline = true : VMs can be defined inline in templates
2018-06-07 16:07:00,145 - Velocimacro : allowInlineToOverride = false : VMs defined inline may NOT replace previous VM definitions
2018-06-07 16:07:00,145 - Velocimacro : allowInlineLocal = false : VMs defined inline will be global in scope if allowed.
2018-06-07 16:07:00,145 - Velocimacro : autoload off : VM system will not automatically reload global library macros
2018-06-07 16:07:00,160 - ResourceManager : found /template/entity.java.vm with loader org.apache.velocity.runtime.resource.loader.ClasspathResourceLoader
2018-06-07 16:07:00,176 - ResourceManager : found /template/mapper.java.vm with loader org.apache.velocity.runtime.resource.loader.ClasspathResourceLoader
2018-06-07 16:07:00,179 - ResourceManager : found /template/mapper.xml.vm with loader org.apache.velocity.runtime.resource.loader.ClasspathResourceLoader
2018-06-07 16:07:00,180 - ResourceManager : found /template/service.java.vm with loader org.apache.velocity.runtime.resource.loader.ClasspathResourceLoader
2018-06-07 16:07:00,182 - ResourceManager : found /template/serviceImpl.java.vm with loader org.apache.velocity.runtime.resource.loader.ClasspathResourceLoader
2018-06-07 16:07:00,183 - ResourceManager : found /template/controller.java.vm with loader org.apache.velocity.runtime.resource.loader.ClasspathResourceLoader
